<?xml version="1.0" encoding="UTF-8"?>
<testsuite xmlns:xsi="http://www.w3.org/2001/XMLSchema-instance" xsi:noNamespaceSchemaLocation="https://maven.apache.org/surefire/maven-surefire-plugin/xsd/surefire-test-report.xsd" name="cz.cvut.fel.esw.nonblock.map.VmlensStringSetTest" time="0.521" tests="3" errors="0" skipped="0" failures="0">
  <properties>
[...]
</properties>
  <testcase name="cz.cvut.fel.esw.nonblock.map.VmlensStringSetTest.testTwoAddsBasic" classname="cz.cvut.fel.esw.nonblock.map.VmlensStringSetTest" time="0.182"/>
  <testcase name="cz.cvut.fel.esw.nonblock.map.VmlensStringSetTest.testTwoAddsRunner" classname="cz.cvut.fel.esw.nonblock.map.VmlensStringSetTest" time="0.145"/>
  <testcase name="cz.cvut.fel.esw.nonblock.map.VmlensStringSetTest.testTwoAddsAlreadyContainedRunner" classname="cz.cvut.fel.esw.nonblock.map.VmlensStringSetTest" time="0.183"/>
</testsuite>